time="2025-02-22T18:43:01+01:00" level=info msg="Приложение запущено" func="github.com/sdimitrenco/grammurrr/pkg/logrus.(*LogrusLogger).Info()" file="logrus.go:67"
time="2025-02-22T18:43:01+01:00" level=warning msg="Приложение запущено" func="github.com/sdimitrenco/grammurrr/pkg/logrus.(*LogrusLogger).Warn()" file="logrus.go:71"
time="2025-02-22T18:43:01+01:00" level=error msg="Приложение запущено" func="github.com/sdimitrenco/grammurrr/pkg/logrus.(*LogrusLogger).Error()" file="logrus.go:75"
time="2025-02-22T18:43:33+01:00" level=info msg="Приложение запущено" func="github.com/sdimitrenco/grammurrr/pkg/logrus.(*LogrusLogger).Info()" file="logrus.go:67"
time="2025-02-22T18:43:33+01:00" level=warning msg="Приложение запущено" func="github.com/sdimitrenco/grammurrr/pkg/logrus.(*LogrusLogger).Warn()" file="logrus.go:71"
time="2025-02-22T18:43:33+01:00" level=error msg="Приложение запущено" func="github.com/sdimitrenco/grammurrr/pkg/logrus.(*LogrusLogger).Error()" file="logrus.go:75"
time="2025-02-22T18:48:29+01:00" level=info msg="Приложение запущено" func="github.com/sdimitrenco/grammurrr/pkg/logrus.(*LogrusLogger).Info()" file="logrus.go:78" caller="logrus.go:78 logrus.(*LogrusLogger).Info()"
time="2025-02-22T18:48:29+01:00" level=warning msg="Приложение запущено" func="github.com/sdimitrenco/grammurrr/pkg/logrus.(*LogrusLogger).Warn()" file="logrus.go:82" caller="logrus.go:82 logrus.(*LogrusLogger).Warn()"
time="2025-02-22T18:48:29+01:00" level=error msg="Приложение запущено" func="github.com/sdimitrenco/grammurrr/pkg/logrus.(*LogrusLogger).Error()" file="logrus.go:86" caller="logrus.go:86 logrus.(*LogrusLogger).Error()"
time="2025-02-22T18:50:41+01:00" level=info msg="Приложение запущено" func="github.com/sdimitrenco/grammurrr/pkg/logrus.(*LogrusLogger).Info()" file="logrus.go:78" caller="logger.go:19 logging.(*Logger).Info()"
time="2025-02-22T18:50:41+01:00" level=warning msg="Приложение запущено" func="github.com/sdimitrenco/grammurrr/pkg/logrus.(*LogrusLogger).Warn()" file="logrus.go:82" caller="logger.go:23 logging.(*Logger).Warn()"
time="2025-02-22T18:50:41+01:00" level=error msg="Приложение запущено" func="github.com/sdimitrenco/grammurrr/pkg/logrus.(*LogrusLogger).Error()" file="logrus.go:86" caller="logger.go:27 logging.(*Logger).Error()"
time="2025-02-22T18:51:31+01:00" level=info msg="Приложение запущено" func="github.com/sdimitrenco/grammurrr/pkg/logrus.(*LogrusLogger).Info()" file="logrus.go:78" caller="logger.go:19 logging.(*Logger).Info()"
time="2025-02-22T18:51:31+01:00" level=warning msg="Приложение запущено" func="github.com/sdimitrenco/grammurrr/pkg/logrus.(*LogrusLogger).Warn()" file="logrus.go:82" caller="logger.go:23 logging.(*Logger).Warn()"
time="2025-02-22T18:51:31+01:00" level=error msg="Приложение запущено" func="github.com/sdimitrenco/grammurrr/pkg/logrus.(*LogrusLogger).Error()" file="logrus.go:86" caller="logger.go:27 logging.(*Logger).Error()"
time="2025-02-22T18:52:05+01:00" level=info msg="Приложение запущено" func="github.com/sdimitrenco/grammurrr/pkg/logrus.(*LogrusLogger).Info()" file="logrus.go:79" caller="app.go:11 main.main()"
time="2025-02-22T18:52:05+01:00" level=warning msg="Приложение запущено" func="github.com/sdimitrenco/grammurrr/pkg/logrus.(*LogrusLogger).Warn()" file="logrus.go:83" caller="app.go:13 main.main()"
time="2025-02-22T18:52:05+01:00" level=error msg="Приложение запущено" func="github.com/sdimitrenco/grammurrr/pkg/logrus.(*LogrusLogger).Error()" file="logrus.go:87" caller="app.go:14 main.main()"
time="2025-02-22T18:55:53+01:00" level=info msg="Приложение запущено" func="github.com/sdimitrenco/grammurrr/pkg/logrus.(*LogrusLogger).Info()" file="logrus.go:79" caller="app.go:11 main.main()"
time="2025-02-22T18:55:53+01:00" level=warning msg="Приложение запущено" func="github.com/sdimitrenco/grammurrr/pkg/logrus.(*LogrusLogger).Warn()" file="logrus.go:83" caller="app.go:13 main.main()"
time="2025-02-22T18:55:53+01:00" level=error msg="Приложение запущено" func="github.com/sdimitrenco/grammurrr/pkg/logrus.(*LogrusLogger).Error()" file="logrus.go:87" caller="app.go:14 main.main()"
time="2025-02-22T18:55:53+01:00" level=info msg="Приложение запущено 2" func="github.com/sdimitrenco/grammurrr/pkg/logrus.(*LogrusLogger).Info()" file="logrus.go:79" caller="app.go:20 main.test()"
time="2025-02-22T19:02:15+01:00" level=info msg="Приложение запущено" func="logrus.(*Entry).String()" file="entry.go:97"
time="2025-02-22T19:02:15+01:00" level=warning msg="Приложение запущено" func="logrus.(*Entry).String()" file="entry.go:97"
time="2025-02-22T19:02:15+01:00" level=error msg="Приложение запущено" func="logrus.(*Entry).String()" file="entry.go:97"
time="2025-02-22T19:02:15+01:00" level=info msg="Приложение запущено 2" func="logrus.(*Entry).String()" file="entry.go:97"
time="2025-02-22T19:02:28+01:00" level=info msg="Приложение запущено" func="logrus.(*Entry).log()" file="entry.go:242"
time="2025-02-22T19:02:28+01:00" level=warning msg="Приложение запущено" func="logrus.(*Entry).log()" file="entry.go:242"
time="2025-02-22T19:02:28+01:00" level=error msg="Приложение запущено" func="logrus.(*Entry).log()" file="entry.go:242"
time="2025-02-22T19:02:28+01:00" level=info msg="Приложение запущено 2" func="logrus.(*Entry).log()" file="entry.go:242"
time="2025-02-22T19:02:45+01:00" level=info msg="Приложение запущено" func="logrus.(*TextFormatter).Format()" file="text_formatter.go:159"
time="2025-02-22T19:02:45+01:00" level=warning msg="Приложение запущено" func="logrus.(*TextFormatter).Format()" file="text_formatter.go:159"
time="2025-02-22T19:02:45+01:00" level=error msg="Приложение запущено" func="logrus.(*TextFormatter).Format()" file="text_formatter.go:159"
time="2025-02-22T19:02:45+01:00" level=info msg="Приложение запущено 2" func="logrus.(*TextFormatter).Format()" file="text_formatter.go:159"
time="2025-02-22T19:02:55+01:00" level=info msg="Приложение запущено" func="logrus.NewLogrusLogger.func1()" file="logrus.go:45"
time="2025-02-22T19:02:55+01:00" level=warning msg="Приложение запущено" func="logrus.NewLogrusLogger.func1()" file="logrus.go:45"
time="2025-02-22T19:02:55+01:00" level=error msg="Приложение запущено" func="logrus.NewLogrusLogger.func1()" file="logrus.go:45"
time="2025-02-22T19:02:55+01:00" level=info msg="Приложение запущено 2" func="logrus.NewLogrusLogger.func1()" file="logrus.go:45"
time="2025-02-22T19:03:16+01:00" level=info msg="Приложение запущено" func="logrus.(*Entry).log()" file="entry.go:242"
time="2025-02-22T19:03:16+01:00" level=warning msg="Приложение запущено" func="logrus.(*Entry).log()" file="entry.go:242"
time="2025-02-22T19:03:16+01:00" level=error msg="Приложение запущено" func="logrus.(*Entry).log()" file="entry.go:242"
time="2025-02-22T19:03:16+01:00" level=info msg="Приложение запущено 2" func="logrus.(*Entry).log()" file="entry.go:242"
time="2025-02-22T19:03:26+01:00" level=info msg="Приложение запущено" func="logrus.getCaller()" file="logrus.go:68"
time="2025-02-22T19:03:26+01:00" level=warning msg="Приложение запущено" func="logrus.getCaller()" file="logrus.go:68"
time="2025-02-22T19:03:26+01:00" level=error msg="Приложение запущено" func="logrus.getCaller()" file="logrus.go:68"
time="2025-02-22T19:03:26+01:00" level=info msg="Приложение запущено 2" func="logrus.getCaller()" file="logrus.go:68"
time="2025-02-22T19:03:36+01:00" level=info msg="Приложение запущено" func="logrus.(*Entry).String()" file="entry.go:97"
time="2025-02-22T19:03:36+01:00" level=warning msg="Приложение запущено" func="logrus.(*Entry).String()" file="entry.go:97"
time="2025-02-22T19:03:36+01:00" level=error msg="Приложение запущено" func="logrus.(*Entry).String()" file="entry.go:97"
time="2025-02-22T19:03:36+01:00" level=info msg="Приложение запущено 2" func="logrus.(*Entry).String()" file="entry.go:97"
time="2025-02-22T19:03:44+01:00" level=info msg="Приложение запущено" func="logrus.(*Entry).Bytes()" file="entry.go:91"
time="2025-02-22T19:03:44+01:00" level=warning msg="Приложение запущено" func="logrus.(*Entry).Bytes()" file="entry.go:91"
time="2025-02-22T19:03:44+01:00" level=error msg="Приложение запущено" func="logrus.(*Entry).Bytes()" file="entry.go:91"
time="2025-02-22T19:03:44+01:00" level=info msg="Приложение запущено 2" func="logrus.(*Entry).Bytes()" file="entry.go:91"
time="2025-02-22T19:03:55+01:00" level=info msg="Приложение запущено" func="logrus.(*Entry).Info()" file="entry.go:321"
time="2025-02-22T19:03:55+01:00" level=warning msg="Приложение запущено" func="logrus.(*Entry).Warn()" file="entry.go:325"
time="2025-02-22T19:03:55+01:00" level=error msg="Приложение запущено" func="logrus.(*Entry).Error()" file="entry.go:333"
time="2025-02-22T19:03:55+01:00" level=info msg="Приложение запущено 2" func="logrus.(*Entry).Info()" file="entry.go:321"
time="2025-02-22T19:04:08+01:00" level=info msg="Приложение запущено" func="logrus.(*Entry).Log()" file="entry.go:304"
time="2025-02-22T19:04:08+01:00" level=warning msg="Приложение запущено" func="logrus.(*Entry).Log()" file="entry.go:304"
time="2025-02-22T19:04:08+01:00" level=error msg="Приложение запущено" func="logrus.(*Entry).Log()" file="entry.go:304"
time="2025-02-22T19:04:08+01:00" level=info msg="Приложение запущено 2" func="logrus.(*Entry).Log()" file="entry.go:304"
time="2025-02-22T19:04:17+01:00" level=info msg="Приложение запущено" func="logrus.(*Entry).log()" file="entry.go:242"
time="2025-02-22T19:04:17+01:00" level=warning msg="Приложение запущено" func="logrus.(*Entry).log()" file="entry.go:242"
time="2025-02-22T19:04:17+01:00" level=error msg="Приложение запущено" func="logrus.(*Entry).log()" file="entry.go:242"
time="2025-02-22T19:04:17+01:00" level=info msg="Приложение запущено 2" func="logrus.(*Entry).log()" file="entry.go:242"
time="2025-02-22T19:06:24+01:00" level=info msg="Приложение запущено" func="github.com/sdimitrenco/grammurrr/pkg/logrus.(*LogrusLogger).Info()" file="logrus.go:87" caller="logger.go:19 logging.(*Logger).Info()"
time="2025-02-22T19:06:24+01:00" level=warning msg="Приложение запущено" func="github.com/sdimitrenco/grammurrr/pkg/logrus.(*LogrusLogger).Warn()" file="logrus.go:91" caller="logger.go:23 logging.(*Logger).Warn()"
time="2025-02-22T19:06:24+01:00" level=error msg="Приложение запущено" func="github.com/sdimitrenco/grammurrr/pkg/logrus.(*LogrusLogger).Error()" file="logrus.go:95" caller="logger.go:27 logging.(*Logger).Error()"
time="2025-02-22T19:06:24+01:00" level=info msg="Приложение запущено 2" func="github.com/sdimitrenco/grammurrr/pkg/logrus.(*LogrusLogger).Info()" file="logrus.go:87" caller="logger.go:19 logging.(*Logger).Info()"
time="2025-02-22T19:07:04+01:00" level=info msg="Приложение запущено" func="github.com/sdimitrenco/grammurrr/pkg/logrus.(*LogrusLogger).Info()" file="logrus.go:88" caller="app.go:11 main.main()"
time="2025-02-22T19:07:04+01:00" level=warning msg="Приложение запущено" func="github.com/sdimitrenco/grammurrr/pkg/logrus.(*LogrusLogger).Warn()" file="logrus.go:92" caller="app.go:13 main.main()"
time="2025-02-22T19:07:04+01:00" level=error msg="Приложение запущено" func="github.com/sdimitrenco/grammurrr/pkg/logrus.(*LogrusLogger).Error()" file="logrus.go:96" caller="app.go:14 main.main()"
time="2025-02-22T19:07:04+01:00" level=info msg="Приложение запущено 2" func="github.com/sdimitrenco/grammurrr/pkg/logrus.(*LogrusLogger).Info()" file="logrus.go:88" caller="app.go:20 main.test()"
time="2025-02-22T19:12:48+01:00" level=info msg="Приложение запущено" func="github.com/sdimitrenco/grammurrr/pkg/logrus.(*LogrusLogger).Info()" file="logrus.go:65"
time="2025-02-22T19:12:48+01:00" level=warning msg="Приложение запущено" func="github.com/sdimitrenco/grammurrr/pkg/logrus.(*LogrusLogger).Warn()" file="logrus.go:69"
time="2025-02-22T19:12:48+01:00" level=error msg="Приложение запущено" func="github.com/sdimitrenco/grammurrr/pkg/logrus.(*LogrusLogger).Error()" file="logrus.go:73"
time="2025-02-22T19:12:48+01:00" level=info msg="Приложение запущено 2" func="github.com/sdimitrenco/grammurrr/pkg/logrus.(*LogrusLogger).Info()" file="logrus.go:65"
time="2025-02-22T19:21:18+01:00" level=info msg="Приложение запущено" func="github.com/sdimitrenco/grammurrr/pkg/logrus.(*LogrusLogger).Info()" file="logrus.go:79" caller="app.go:11 main.main()"
time="2025-02-22T19:21:18+01:00" level=warning msg="Приложение запущено" func="github.com/sdimitrenco/grammurrr/pkg/logrus.(*LogrusLogger).Warn()" file="logrus.go:83" caller="app.go:13 main.main()"
time="2025-02-22T19:21:18+01:00" level=error msg="Приложение запущено" func="github.com/sdimitrenco/grammurrr/pkg/logrus.(*LogrusLogger).Error()" file="logrus.go:87" caller="app.go:14 main.main()"
time="2025-02-22T19:21:18+01:00" level=info msg="Приложение запущено 2" func="github.com/sdimitrenco/grammurrr/pkg/logrus.(*LogrusLogger).Info()" file="logrus.go:79" caller="app.go:20 main.test()"
time="2025-02-22T19:23:50+01:00" level=info msg="Приложение запущено" caller="app.go:11 main.main()"
time="2025-02-22T19:23:50+01:00" level=warning msg="Приложение запущено" caller="app.go:13 main.main()"
time="2025-02-22T19:23:50+01:00" level=error msg="Приложение запущено" caller="app.go:14 main.main()"
time="2025-02-22T19:23:50+01:00" level=info msg="Приложение запущено 2" caller="app.go:20 main.test()"
time="2025-02-22T19:26:37+01:00" level=info msg="Приложение запущено" caller="app.go:12 main.main()"
time="2025-02-22T19:26:37+01:00" level=warning msg="Приложение запущено" caller="app.go:14 main.main()"
time="2025-02-22T19:26:37+01:00" level=error msg="Приложение запущено" caller="app.go:15 main.main()"
time="2025-02-22T19:26:37+01:00" level=error msg="bad something" caller="test.go:7 entities.Test()"
time="2025-02-22T19:26:37+01:00" level=info msg="Приложение запущено 2" caller="app.go:22 main.test()"
time="2025-02-25T17:01:29+01:00" level=info msg="Приложение запущено" caller="app.go:12 main.main()"
time="2025-02-25T17:01:30+01:00" level=warning msg="Приложение запущено" caller="app.go:14 main.main()"
time="2025-02-25T17:01:31+01:00" level=error msg="Приложение запущено" caller="app.go:15 main.main()"
time="2025-02-25T17:01:33+01:00" level=error msg="bad something" caller="test.go:7 entities.Test()"
time="2025-02-25T17:01:34+01:00" level=info msg="Приложение запущено 2" caller="app.go:22 main.test()"
time="2025-02-25T17:16:22+01:00" level=info msg="Приложение запущено" caller="app.go:12 main.main()"
time="2025-02-25T17:16:24+01:00" level=error msg="Приложение запущено" caller="app.go:14 main.main()"
time="2025-02-25T17:16:25+01:00" level=warning msg="Приложение запущено" caller="app.go:15 main.main()"
time="2025-02-25T17:17:47+01:00" level=info msg="Приложение запущено" caller="app.go:12 main.main()"
time="2025-02-25T17:17:47+01:00" level=error msg="Приложение запущено" caller="app.go:14 main.main()"
time="2025-02-25T17:17:47+01:00" level=warning msg="Приложение запущено" caller="app.go:15 main.main()"
time="2025-02-25T17:17:47+01:00" level=error msg="Приложение запущено" caller="app.go:16 main.main()"
time="2025-02-25T17:17:47+01:00" level=error msg="bad something" caller="test.go:7 entities.Test()"
time="2025-02-25T17:17:47+01:00" level=info msg="Приложение запущено 2" caller="app.go:23 main.test()"
time="2025-02-25T17:18:14+01:00" level=info msg="Приложение запущено" caller="app.go:12 main.main()"
time="2025-02-25T17:18:14+01:00" level=error msg="fatal запущено" caller="app.go:14 main.main()"
time="2025-02-25T17:18:14+01:00" level=warning msg="Приложение запущено" caller="app.go:15 main.main()"
time="2025-02-25T17:18:14+01:00" level=error msg="Приложение запущено" caller="app.go:16 main.main()"
time="2025-02-25T17:18:14+01:00" level=error msg="bad something" caller="test.go:7 entities.Test()"
time="2025-02-25T17:18:14+01:00" level=info msg="Приложение запущено 2" caller="app.go:23 main.test()"
time="2025-02-25T17:19:18+01:00" level=info msg="Приложение запущено" caller="app.go:12 main.main()"
time="2025-02-25T17:19:20+01:00" level=error msg="fatal запущено" caller="app.go:14 main.main()"
time="2025-02-25T17:36:16+01:00" level=info msg="Get application configuration" caller="config.go:40 config.GetConfig.func1()"
time="2025-02-25T17:36:16+01:00" level=info msg=workingDir/home/www/www/word-learning-bot caller="config.go:44 config.GetConfig.func1()"
time="2025-02-25T17:36:45+01:00" level=error msg="bad something" caller="test.go:7 entities.Test()"
time="2025-02-25T17:36:45+01:00" level=info msg="Приложение запущено 2" caller="app.go:22 main.test()"
time="2025-02-25T17:37:23+01:00" level=info msg="Get application configuration" caller="config.go:40 config.GetConfig.func1()"
time="2025-02-25T17:37:23+01:00" level=info msg=workingDir/home/www/www/word-learning-bot caller="config.go:44 config.GetConfig.func1()"
time="2025-02-25T17:41:17+01:00" level=info msg="Get application configuration" caller="config.go:40 config.GetConfig.func1()"
time="2025-02-25T17:41:17+01:00" level=info msg=workingDir/home/www/www/word-learning-bot caller="config.go:44 config.GetConfig.func1()"
time="2025-02-25T17:41:17+01:00" level=info msg="Environment variables:\n  DB_HOST string\n    \t (default \"localhost\")\n  DB_NAME string\n    \t (default \"\")\n  DB_PASSWORD string\n    \t (default \"\")\n  DB_PORT string\n    \t (default \"27017\")\n  DB_SSL string\n    \t (default \"\")\n  DB_TYPE string\n    \t (default \"\")\n  DB_USER string\n    \t (default \"\")\n  IS_DEBUG ptr\n    \t (default \"false\")\n  TELEGRAM_BOT_TOKEN string\n    \t" caller="config.go:62 config.GetConfig.func1()"
time="2025-02-25T17:41:21+01:00" level=error msg="open ---\r\n\r\nis_debug: true\r\nlisten:\r\n  type: port\r\n  bind_ip: 0.0.0.0\r\n  port: 8888\r\ndb:\r\n  host: \r\n  port: \r\n  name: \r\n  user: \r\n  url: \r\n  key: \r\n  password: \r\n  db_ssl: \r\n  type: \r\ntelegram_bot:\r\n  token: \r\n  : no such file or directory" caller="config.go:63 config.GetConfig.func1()"
time="2025-02-26T11:53:03+01:00" level=info msg="Get application configuration" caller="config.go:40 config.GetConfig.func1()"
time="2025-02-26T11:53:07+01:00" level=info msg=workingDir/home/www/www/word-learning-bot caller="config.go:44 config.GetConfig.func1()"
time="2025-02-26T11:53:07+01:00" level=info msg="Environment variables:\n  DB_HOST string\n    \t (default \"localhost\")\n  DB_NAME string\n    \t (default \"\")\n  DB_PASSWORD string\n    \t (default \"\")\n  DB_PORT string\n    \t (default \"27017\")\n  DB_SSL string\n    \t (default \"\")\n  DB_TYPE string\n    \t (default \"\")\n  DB_USER string\n    \t (default \"\")\n  IS_DEBUG ptr\n    \t (default \"false\")\n  TELEGRAM_BOT_TOKEN string\n    \t" caller="config.go:62 config.GetConfig.func1()"
time="2025-02-26T11:53:07+01:00" level=error msg="open ---\r\n\r\nis_debug: true\r\nlisten:\r\n  type: port\r\n  bind_ip: 0.0.0.0\r\n  port: 8888\r\ndb:\r\n  host: \r\n  port: \r\n  name: \r\n  user: \r\n  url: \r\n  key: \r\n  password: \r\n  db_ssl: \r\n  type: \r\ntelegram_bot:\r\n  token: \r\n  : no such file or directory" caller="config.go:63 config.GetConfig.func1()"
time="2025-02-26T11:53:50+01:00" level=error msg="bad something" caller="test.go:7 entities.Test()"
time="2025-02-26T11:53:50+01:00" level=info msg="Приложение запущено 2" caller="app.go:20 main.test()"
time="2025-02-26T11:54:46+01:00" level=error msg="bad something" caller="app.go:12 main.main()"
time="2025-02-26T11:54:46+01:00" level=error msg="bad something" caller="test.go:7 entities.Test()"
time="2025-02-26T11:54:46+01:00" level=info msg="Приложение запущено 2" caller="app.go:20 main.test()"
time="2025-02-26T11:54:55+01:00" level=error msg="bad something" caller="app.go:12 main.main()"
time="2025-02-26T11:55:03+01:00" level=error msg="bad something" caller="test.go:7 entities.Test()"
time="2025-02-26T11:55:06+01:00" level=info msg="Приложение запущено 2" caller="app.go:20 main.test()"
time="2025-02-26T11:58:34+01:00" level=error msg="bad something" caller="app.go:12 main.main()"
time="2025-02-26T11:58:34+01:00" level=error msg="bad something" caller="test.go:7 entities.Test()"
time="2025-02-26T11:58:34+01:00" level=info msg="Приложение запущено 2" caller="app.go:20 main.test()"
time="2025-02-26T12:00:59+01:00" level=error msg="bad something" caller="app.go:30 main.main()"
time="2025-02-26T12:00:59+01:00" level=error msg="bad something" caller="test.go:7 entities.Test()"
time="2025-02-26T12:00:59+01:00" level=info msg="Приложение запущено 2" caller="app.go:40 main.test()"
time="2025-02-26T12:03:01+01:00" level="error" msg="bad something" caller="proc.go:283 runtime.main()"
time="2025-02-26T12:03:01+01:00" level="error" msg="bad something" caller="app.go:33 main.main()"
time="2025-02-26T12:03:01+01:00" level="info" msg="Приложение запущено 2" caller="app.go:36 main.main()"
time="2025-02-26T12:05:47+01:00" level="error" msg="bad something" caller="proc.go:283 runtime.main()" key="value"
time="2025-02-26T12:05:47+01:00" level="error" msg="bad something" caller="app.go:33 main.main()" key="value"
time="2025-02-26T12:05:47+01:00" level="info" msg="Приложение запущено 2" caller="app.go:36 main.main()" key="value"
time="2025-02-26T12:18:02+01:00" level="info" msg="Get application configuration" caller="once.go:78 sync.(*Once).doSlow()"
time="2025-02-26T12:18:02+01:00" level="info" msg="workingDir/home/www/www/word-learning-bot" caller="once.go:78 sync.(*Once).doSlow()"
time="2025-02-26T12:18:02+01:00" level="error" msg="Config validation error: Telegram bot token is required" caller="once.go:78 sync.(*Once).doSlow()"
time="2025-02-26T12:24:10+01:00" level="info" msg="workingDir/home/www/www/word-learning-bot" caller="once.go:78 sync.(*Once).doSlow()"
time="2025-02-26T12:24:10+01:00" level="error" msg="Error reading config file: While parsing config: yaml: line 22: found a tab character that violates indentation" caller="once.go:78 sync.(*Once).doSlow()"
time="2025-02-26T12:24:27+01:00" level="info" msg="workingDir/home/www/www/word-learning-bot" caller="once.go:78 sync.(*Once).doSlow()"
time="2025-02-26T12:24:27+01:00" level="info" msg="Config successfully loaded" caller="once.go:78 sync.(*Once).doSlow()"
time="2025-02-26T12:25:03+01:00" level="info" msg="workingDir/home/www/www/word-learning-bot" caller="once.go:78 sync.(*Once).doSlow()"
time="2025-02-26T12:25:03+01:00" level="info" msg="Config successfully loaded" caller="once.go:78 sync.(*Once).doSlow()"
time="2025-02-26T12:25:03+01:00" level="error" msg="bad something" caller="proc.go:283 runtime.main()" key="value"
time="2025-02-26T12:25:03+01:00" level="error" msg="bad something" caller="app.go:38 main.main()" key="value"
time="2025-02-26T12:25:03+01:00" level="info" msg="Приложение запущено 2" caller="app.go:41 main.main()" key="value"
time="2025-02-26T12:25:46+01:00" level="info" msg="workingDir/home/www/www/word-learning-bot" caller="once.go:78 sync.(*Once).doSlow()"
time="2025-02-26T12:25:46+01:00" level="info" msg="Config successfully loaded" caller="once.go:78 sync.(*Once).doSlow()"
time="2025-02-26T12:25:46+01:00" level="error" msg="bad something" caller="proc.go:283 runtime.main()" key="value"
time="2025-02-26T12:25:46+01:00" level="error" msg="bad something" caller="app.go:39 main.main()" key="value"
time="2025-02-26T12:25:46+01:00" level="info" msg="Приложение запущено 2" caller="app.go:42 main.main()" key="value"
time="2025-02-28T14:29:58+01:00" level="info" msg="workingDir/home/www/www/word-learning-bot" caller="once.go:78 sync.(*Once).doSlow()"
time="2025-02-28T14:29:58+01:00" level="info" msg="Config successfully loaded" caller="once.go:78 sync.(*Once).doSlow()"
time="2025-02-28T14:30:40+01:00" level="info" msg="workingDir/home/www/www/word-learning-bot" caller="once.go:78 sync.(*Once).doSlow()"
time="2025-02-28T14:30:40+01:00" level="info" msg="Config successfully loaded" caller="once.go:78 sync.(*Once).doSlow()"
time="2025-02-28T14:36:18+01:00" level="info" msg="workingDir/home/www/www/word-learning-bot" caller="once.go:78 sync.(*Once).doSlow()"
time="2025-02-28T14:36:18+01:00" level="info" msg="Config successfully loaded" caller="once.go:78 sync.(*Once).doSlow()"
time="2025-02-28T14:37:08+01:00" level="info" msg="workingDir/home/www/www/word-learning-bot" caller="once.go:78 sync.(*Once).doSlow()"
time="2025-02-28T14:37:08+01:00" level="info" msg="Config successfully loaded" caller="once.go:78 sync.(*Once).doSlow()"
time="2025-02-28T14:37:14+01:00" level="info" msg="Received shutdown signal, exiting..." caller="app.go:36 main.main()"
time="2025-02-28T14:37:19+01:00" level="info" msg="workingDir/home/www/www/word-learning-bot" caller="once.go:78 sync.(*Once).doSlow()"
time="2025-02-28T14:37:19+01:00" level="info" msg="Config successfully loaded" caller="once.go:78 sync.(*Once).doSlow()"
time="2025-02-28T14:37:29+01:00" level="info" msg="Handling update" caller="telegram_adapter.go:35 adapters.(*TelegramAdapter).Start()"
time="2025-02-28T14:37:48+01:00" level="info" msg="Received shutdown signal, exiting..." caller="app.go:36 main.main()"
time="2025-02-28T14:39:51+01:00" level="info" msg="workingDir/home/www/www/word-learning-bot" caller="once.go:78 sync.(*Once).doSlow()"
time="2025-02-28T14:39:51+01:00" level="info" msg="Config successfully loaded" caller="once.go:78 sync.(*Once).doSlow()"
time="2025-02-28T14:41:10+01:00" level="info" msg="Handling update" caller="telegram_adapter.go:35 adapters.(*TelegramAdapter).Start()"
time="2025-02-28T15:02:51+01:00" level="info" msg="workingDir/home/www/www/word-learning-bot" caller="once.go:78 sync.(*Once).doSlow()"
time="2025-02-28T15:02:51+01:00" level="info" msg="Config successfully loaded" caller="once.go:78 sync.(*Once).doSlow()"
time="2025-02-28T15:03:54+01:00" level="info" msg="Handling update" caller="telegram_adapter.go:44 adapters.(*TelegramAdapter).Start()"
time="2025-02-28T15:22:58+01:00" level="info" msg="workingDir/home/www/www/word-learning-bot" caller="once.go:78 sync.(*Once).doSlow()"
time="2025-02-28T15:22:58+01:00" level="info" msg="Config successfully loaded" caller="once.go:78 sync.(*Once).doSlow()"
time="2025-02-28T15:23:11+01:00" level="info" msg="Handling update" caller="telegram_adapter.go:44 adapters.(*TelegramAdapter).Start()"
time="2025-02-28T15:28:28+01:00" level="info" msg="workingDir/home/www/www/word-learning-bot" caller="once.go:78 sync.(*Once).doSlow()"
time="2025-02-28T15:28:28+01:00" level="info" msg="Config successfully loaded" caller="once.go:78 sync.(*Once).doSlow()"
time="2025-02-28T15:28:47+01:00" level="info" msg="Handling update" caller="telegram_adapter.go:44 adapters.(*TelegramAdapter).Start()"
time="2025-02-28T15:31:18+01:00" level="info" msg="workingDir/home/www/www/word-learning-bot" caller="once.go:78 sync.(*Once).doSlow()"
time="2025-02-28T15:31:18+01:00" level="info" msg="Config successfully loaded" caller="once.go:78 sync.(*Once).doSlow()"
time="2025-02-28T15:32:26+01:00" level="info" msg="Handling update" caller="telegram_adapter.go:44 adapters.(*TelegramAdapter).Start()"
time="2025-02-28T15:40:48+01:00" level="info" msg="workingDir/home/www/www/word-learning-bot" caller="once.go:78 sync.(*Once).doSlow()"
time="2025-02-28T15:40:48+01:00" level="info" msg="Config successfully loaded" caller="once.go:78 sync.(*Once).doSlow()"
time="2025-02-28T15:44:41+01:00" level="info" msg="workingDir/home/www/www/word-learning-bot" caller="once.go:78 sync.(*Once).doSlow()"
time="2025-02-28T15:44:41+01:00" level="info" msg="Config successfully loaded" caller="once.go:78 sync.(*Once).doSlow()"
time="2025-02-28T17:48:33+01:00" level="info" msg="workingDir/home/www/www/word-learning-bot" caller="once.go:78 sync.(*Once).doSlow()"
time="2025-02-28T17:48:33+01:00" level="info" msg="Config successfully loaded" caller="once.go:78 sync.(*Once).doSlow()"
